<?xml version="1.0" encoding="UTF-8"?>
<robot generator="Robot 7.2.2 (Python 3.13.1 on win32)" generated="2025-04-27T16:12:02.594340" rpa="false" schemaversion="5">
<suite id="s1" name="testDemo4" source="C:\Users\rajiv\PycharmProjects\RobotFramework\pythonProject\tests\testDemo4.robot">
<test id="s1-t1" name="Invalid Password" line="18">
<kw name="Open the browser with the Mortgage payment URL" owner="generic" type="SETUP">
<kw name="Create Webdriver" owner="SeleniumLibrary">
<msg time="2025-04-27T16:12:02.789065" level="INFO">Creating an instance of the Firefox WebDriver.</msg>
<arg>Firefox</arg>
<doc>Creates an instance of Selenium WebDriver.</doc>
<status status="PASS" start="2025-04-27T16:12:02.788924" elapsed="7.074403"/>
</kw>
<kw name="Go To" owner="SeleniumLibrary">
<msg time="2025-04-27T16:12:09.864693" level="INFO">Opening url 'https://rahulshettyacademy.com/loginpagePractise/'</msg>
<arg>${url}</arg>
<doc>Navigates the current browser window to the provided ``url``.</doc>
<status status="PASS" start="2025-04-27T16:12:09.863924" elapsed="0.552707"/>
</kw>
<kw name="Maximize Browser Window" owner="SeleniumLibrary">
<doc>Maximizes current browser window.</doc>
<status status="PASS" start="2025-04-27T16:12:10.417032" elapsed="0.316626"/>
</kw>
<status status="PASS" start="2025-04-27T16:12:02.788440" elapsed="7.945678"/>
</kw>
<kw name="Validate Unsuccessful login">
<kw name="Fill the login form">
<kw name="Input Text" owner="SeleniumLibrary">
<msg time="2025-04-27T16:12:10.737991" level="INFO">Typing text 'rahulshettyacademy' into text field 'id:username'.</msg>
<arg>id:username</arg>
<arg>${username}</arg>
<doc>Types the given ``text`` into the text field identified by ``locator``.</doc>
<status status="PASS" start="2025-04-27T16:12:10.737019" elapsed="0.125232"/>
</kw>
<kw name="Input Password" owner="SeleniumLibrary">
<msg time="2025-04-27T16:12:10.863129" level="INFO">Typing password into text field 'id:password'.</msg>
<msg time="2025-04-27T16:12:10.871858" level="INFO">Temporally setting log level to: NONE</msg>
<arg>id:password</arg>
<arg>${password}</arg>
<doc>Types the given password into the text field identified by ``locator``.</doc>
<status status="PASS" start="2025-04-27T16:12:10.862596" elapsed="0.018427"/>
</kw>
<kw name="Click Button" owner="SeleniumLibrary">
<msg time="2025-04-27T16:12:10.882055" level="INFO">Clicking button 'id:signInBtn'.</msg>
<arg>id:signInBtn</arg>
<doc>Clicks the button identified by ``locator``.</doc>
<status status="PASS" start="2025-04-27T16:12:10.881416" elapsed="0.255901"/>
</kw>
<arg>${username}</arg>
<arg>${password}</arg>
<status status="PASS" start="2025-04-27T16:12:10.736096" elapsed="0.401497"/>
</kw>
<kw name="Wait until it checks and displays error message">
<kw name="Wait Until Element Is Visible" owner="SeleniumLibrary">
<arg>${loginErrorMsg}</arg>
<doc>Waits until the element ``locator`` is visible.</doc>
<status status="PASS" start="2025-04-27T16:12:11.138639" elapsed="1.787701"/>
</kw>
<status status="PASS" start="2025-04-27T16:12:11.137929" elapsed="1.788819"/>
</kw>
<kw name="Verify error message is correct">
<kw name="Get Text" owner="SeleniumLibrary">
<msg time="2025-04-27T16:12:12.960734" level="INFO">${result} = Incorrect username/password.</msg>
<var>${result}</var>
<arg>${loginErrorMsg}</arg>
<doc>Returns the text value of the element identified by ``locator``.</doc>
<status status="PASS" start="2025-04-27T16:12:12.928271" elapsed="0.032666"/>
</kw>
<kw name="Should Be Equal As Strings" owner="BuiltIn">
<arg>${result}</arg>
<arg>${expectedError}</arg>
<doc>Fails if objects are unequal after converting them to strings.</doc>
<status status="PASS" start="2025-04-27T16:12:12.961555" elapsed="0.000591"/>
</kw>
<status status="PASS" start="2025-04-27T16:12:12.927273" elapsed="0.035003"/>
</kw>
<arg>rahulshettyacademy</arg>
<arg>ploudfg</arg>
<status status="PASS" start="2025-04-27T16:12:10.734778" elapsed="2.227580"/>
</kw>
<kw name="Close the browser session" owner="generic" type="TEARDOWN">
<kw name="Close Browser" owner="SeleniumLibrary">
<doc>Closes the current browser.</doc>
<status status="PASS" start="2025-04-27T16:12:12.964207" elapsed="3.786219"/>
</kw>
<status status="PASS" start="2025-04-27T16:12:12.963118" elapsed="3.787464"/>
</kw>
<status status="PASS" start="2025-04-27T16:12:02.787954" elapsed="13.962701"/>
</test>
<doc>To validate the login form</doc>
<status status="PASS" start="2025-04-27T16:12:02.608621" elapsed="14.142584"/>
</suite>
<statistics>
<total>
<stat pass="1" fail="0" skip="0">All Tests</stat>
</total>
<tag>
</tag>
<suite>
<stat name="testDemo4" id="s1" pass="1" fail="0" skip="0">testDemo4</stat>
</suite>
</statistics>
<errors>
</errors>
</robot>
