<?xml version="1.0" encoding="UTF-8"?>
<robot generator="Robot 7.2.2 (Python 3.13.1 on win32)" generated="2025-04-27T20:26:41.059698" rpa="false" schemaversion="5">
<suite id="s1" name="testDemo7" source="C:\Users\rajiv\PycharmProjects\RobotFramework\pythonProject\tests\testDemo7.robot">
<test id="s1-t1" name="Play around with Dictionary" line="12">
<kw name="Create Dictionary" owner="BuiltIn">
<msg time="2025-04-27T20:26:41.351639" level="INFO">&amp;{rajDetails} = { Name=Rajiv | Age=30 | Gender=Male | MaritalStatus=Married }</msg>
<var>&amp;{rajDetails}</var>
<arg>Name=Rajiv</arg>
<arg>Age=30</arg>
<arg>Gender=Male</arg>
<arg>MaritalStatus=Married</arg>
<doc>Creates and returns a dictionary based on the given ``items``.</doc>
<status status="PASS" start="2025-04-27T20:26:41.351390" elapsed="0.000278"/>
</kw>
<kw name="Log" owner="BuiltIn">
<msg time="2025-04-27T20:26:41.351951" level="INFO">{'Name': 'Rajiv', 'Age': '30', 'Gender': 'Male', 'MaritalStatus': 'Married'}</msg>
<arg>${rajDetails}</arg>
<doc>Logs the given message with the given level.</doc>
<status status="PASS" start="2025-04-27T20:26:41.351838" elapsed="0.000145"/>
</kw>
<kw name="Dictionary Should Contain Key" owner="Collections">
<arg>${rajDetails}</arg>
<arg>Gender</arg>
<doc>Fails if ``key`` is not found from ``dictionary``.</doc>
<status status="PASS" start="2025-04-27T20:26:41.352098" elapsed="0.000098"/>
</kw>
<kw name="Get From Dictionary" owner="Collections">
<arg>${rajDetails}</arg>
<arg>Age</arg>
<doc>Returns a value from the given ``dictionary`` based on the given ``key``.</doc>
<status status="PASS" start="2025-04-27T20:26:41.352297" elapsed="0.000077"/>
</kw>
<status status="PASS" start="2025-04-27T20:26:41.350864" elapsed="0.001612"/>
</test>
<test id="s1-t2" name="Add book into Library Database" line="18">
<kw name="Create Dictionary" owner="BuiltIn">
<msg time="2025-04-27T20:26:41.353464" level="INFO">&amp;{req_body} = { name=TestTech | isbn=blow | aisle=9000 | author=Waja }</msg>
<var>&amp;{req_body}</var>
<arg>name=${book_name}</arg>
<arg>isbn=blow</arg>
<arg>aisle=9000</arg>
<arg>author=Waja</arg>
<doc>Creates and returns a dictionary based on the given ``items``.</doc>
<status status="PASS" start="2025-04-27T20:26:41.353218" elapsed="0.000274"/>
</kw>
<kw name="POST" owner="RequestsLibrary">
<msg time="2025-04-27T20:26:41.698756" level="INFO">POST Request : url=https://rahulshettyacademy.com/Library/Addbook.php 
 path_url=/Library/Addbook.php 
 headers={'User-Agent': 'python-requests/2.32.3', 'Accept-Encoding': 'gzip, deflate', 'Accept': '*/*', 'Connection': 'keep-alive', 'Content-Length': '71', 'Content-Type': 'application/json'} 
 body=b'{"name": "TestTech", "isbn": "blow", "aisle": "9000", "author": "Waja"}' 
 </msg>
<msg time="2025-04-27T20:26:41.698969" level="INFO">POST Response : url=https://rahulshettyacademy.com/Library/Addbook.php 
 status=200, reason=OK 
 headers={'Date': 'Sun, 27 Apr 2025 14:56:42 GMT', 'Server': 'Apache/2.4.52 (Ubuntu)', 'Access-Control-Allow-Origin': '*', 'Access-Control-Allow-Methods': 'POST', 'Access-Control-Max-Age': '3600', 'Access-Control-Allow-Headers': 'Content-Type, Access-Control-Allow-Headers, Authorization, X-Requested-With', 'Content-Length': '44', 'Keep-Alive': 'timeout=5, max=100', 'Connection': 'Keep-Alive', 'Content-Type': 'application/json;charset=UTF-8'} 
 body={"Msg":"successfully added","ID":"blow9000"} 
 </msg>
<msg time="2025-04-27T20:26:41.699165" level="INFO">${response} = &lt;Response [200]&gt;</msg>
<var>${response}</var>
<arg>${base_url}/Library/Addbook.php</arg>
<arg>json=${req_body}</arg>
<arg>expected_status=200</arg>
<doc>Sends a POST request.</doc>
<status status="PASS" start="2025-04-27T20:26:41.353641" elapsed="0.345568"/>
</kw>
<kw name="Log" owner="BuiltIn">
<msg time="2025-04-27T20:26:41.701149" level="INFO">{'Msg': 'successfully added', 'ID': 'blow9000'}</msg>
<arg>${response.json()}</arg>
<doc>Logs the given message with the given level.</doc>
<status status="PASS" start="2025-04-27T20:26:41.700325" elapsed="0.000895"/>
</kw>
<kw name="Dictionary Should Contain Key" owner="Collections">
<arg>${response.json()}</arg>
<arg>Msg</arg>
<doc>Fails if ``key`` is not found from ``dictionary``.</doc>
<status status="PASS" start="2025-04-27T20:26:41.701522" elapsed="0.000633"/>
</kw>
<kw name="Dictionary Should Contain Key" owner="Collections">
<arg>${response.json()}</arg>
<arg>ID</arg>
<doc>Fails if ``key`` is not found from ``dictionary``.</doc>
<status status="PASS" start="2025-04-27T20:26:41.702436" elapsed="0.000577"/>
</kw>
<kw name="Get From Dictionary" owner="Collections">
<msg time="2025-04-27T20:26:41.703815" level="INFO">${actualMsg} = successfully added</msg>
<var>${actualMsg}</var>
<arg>${response.json()}</arg>
<arg>Msg</arg>
<doc>Returns a value from the given ``dictionary`` based on the given ``key``.</doc>
<status status="PASS" start="2025-04-27T20:26:41.703265" elapsed="0.000585"/>
</kw>
<kw name="Should Be Equal As Strings" owner="BuiltIn">
<arg>successfully added</arg>
<arg>${actualMsg}</arg>
<doc>Fails if objects are unequal after converting them to strings.</doc>
<status status="PASS" start="2025-04-27T20:26:41.704093" elapsed="0.000209"/>
</kw>
<kw name="Get From Dictionary" owner="Collections">
<msg time="2025-04-27T20:26:41.705054" level="INFO">${book_ID} = blow9000</msg>
<var>${book_ID}</var>
<arg>${response.json()}</arg>
<arg>ID</arg>
<doc>Returns a value from the given ``dictionary`` based on the given ``key``.</doc>
<status status="PASS" start="2025-04-27T20:26:41.704530" elapsed="0.000556"/>
</kw>
<kw name="Set Global Variable" owner="BuiltIn">
<msg time="2025-04-27T20:26:41.705550" level="INFO">${book_ID} = blow9000</msg>
<arg>${book_ID}</arg>
<doc>Makes a variable available globally in all tests and suites.</doc>
<status status="PASS" start="2025-04-27T20:26:41.705334" elapsed="0.000268"/>
</kw>
<kw name="Log" owner="BuiltIn">
<msg time="2025-04-27T20:26:41.706133" level="INFO">blow9000</msg>
<arg>${book_ID}</arg>
<doc>Logs the given message with the given level.</doc>
<status status="PASS" start="2025-04-27T20:26:41.705975" elapsed="0.000210"/>
</kw>
<kw name="Status Should Be" owner="RequestsLibrary">
<arg>200</arg>
<arg>${response}</arg>
<doc>Fails if response status code is different than the expected.</doc>
<status status="PASS" start="2025-04-27T20:26:41.706390" elapsed="0.000246"/>
</kw>
<status status="PASS" start="2025-04-27T20:26:41.352745" elapsed="0.354108"/>
</test>
<test id="s1-t3" name="Get the book details which got added" line="31">
<kw name="GET" owner="RequestsLibrary">
<msg time="2025-04-27T20:26:42.005437" level="INFO">GET Request : url=https://rahulshettyacademy.com/Library/GetBook.php?ID=blow9000 
 path_url=/Library/GetBook.php?ID=blow9000 
 headers={'User-Agent': 'python-requests/2.32.3', 'Accept-Encoding': 'gzip, deflate', 'Accept': '*/*', 'Connection': 'keep-alive'} 
 body=None 
 </msg>
<msg time="2025-04-27T20:26:42.005612" level="INFO">GET Response : url=https://rahulshettyacademy.com/Library/GetBook.php?ID=blow9000 
 status=200, reason=OK 
 headers={'Date': 'Sun, 27 Apr 2025 14:56:42 GMT', 'Server': 'Apache/2.4.52 (Ubuntu)', 'Access-Control-Allow-Origin': '*', 'Access-Control-Allow-Methods': 'POST', 'Access-Control-Max-Age': '3600', 'Access-Control-Allow-Headers': 'Content-Type, Access-Control-Allow-Headers, Authorization, X-Requested-With', 'Content-Length': '71', 'Keep-Alive': 'timeout=5, max=100', 'Connection': 'Keep-Alive', 'Content-Type': 'application/json;charset=UTF-8'} 
 body=[{"book_name":"TestTech","isbn":"blow","aisle":"9000","author":"Waja"}] 
 </msg>
<msg time="2025-04-27T20:26:42.005940" level="INFO">${get_response} = &lt;Response [200]&gt;</msg>
<var>${get_response}</var>
<arg>${base_url}/Library/GetBook.php</arg>
<arg>params=ID=${book_ID}</arg>
<arg>expected_status=200</arg>
<doc>Sends a GET request.</doc>
<status status="PASS" start="2025-04-27T20:26:41.707900" elapsed="0.298109"/>
</kw>
<kw name="Log" owner="BuiltIn">
<msg time="2025-04-27T20:26:42.008032" level="INFO">[{'book_name': 'TestTech', 'isbn': 'blow', 'aisle': '9000', 'author': 'Waja'}]</msg>
<arg>${get_response.json()}</arg>
<doc>Logs the given message with the given level.</doc>
<status status="PASS" start="2025-04-27T20:26:42.007165" elapsed="0.001248"/>
</kw>
<kw name="Should Be Equal As Strings" owner="BuiltIn">
<arg>${book_name}</arg>
<arg>${get_response.json()}[0][book_name]</arg>
<doc>Fails if objects are unequal after converting them to strings.</doc>
<status status="PASS" start="2025-04-27T20:26:42.008795" elapsed="0.000786"/>
</kw>
<status status="PASS" start="2025-04-27T20:26:41.707429" elapsed="0.302458"/>
</test>
<test id="s1-t4" name="Delete the book from database" line="37">
<kw name="Create Dictionary" owner="BuiltIn">
<msg time="2025-04-27T20:26:42.011432" level="INFO">&amp;{deleteReq_body} = { ID=blow9000 }</msg>
<var>&amp;{deleteReq_body}</var>
<arg>ID=${book_ID}</arg>
<doc>Creates and returns a dictionary based on the given ``items``.</doc>
<status status="PASS" start="2025-04-27T20:26:42.011092" elapsed="0.000385"/>
</kw>
<kw name="POST" owner="RequestsLibrary">
<msg time="2025-04-27T20:26:43.436829" level="INFO">POST Request : url=https://rahulshettyacademy.com/Library/DeleteBook.php 
 path_url=/Library/DeleteBook.php 
 headers={'User-Agent': 'python-requests/2.32.3', 'Accept-Encoding': 'gzip, deflate', 'Accept': '*/*', 'Connection': 'keep-alive', 'Content-Length': '18', 'Content-Type': 'application/json'} 
 body=b'{"ID": "blow9000"}' 
 </msg>
<msg time="2025-04-27T20:26:43.436902" level="INFO">POST Response : url=https://rahulshettyacademy.com/Library/DeleteBook.php 
 status=200, reason=OK 
 headers={'Date': 'Sun, 27 Apr 2025 14:56:44 GMT', 'Server': 'Apache/2.4.52 (Ubuntu)', 'Access-Control-Allow-Origin': '*', 'Access-Control-Allow-Methods': 'POST', 'Access-Control-Max-Age': '3600', 'Access-Control-Allow-Headers': 'Content-Type, Access-Control-Allow-Headers, Authorization, X-Requested-With', 'Content-Length': '38', 'Keep-Alive': 'timeout=5, max=100', 'Connection': 'Keep-Alive', 'Content-Type': 'application/json;charset=UTF-8'} 
 body={"msg":"book is successfully deleted"} 
 </msg>
<msg time="2025-04-27T20:26:43.436996" level="INFO">${delete_response} = &lt;Response [200]&gt;</msg>
<var>${delete_response}</var>
<arg>${base_url}/Library/DeleteBook.php</arg>
<arg>json=${deleteReq_body}</arg>
<arg>expected_status=200</arg>
<doc>Sends a POST request.</doc>
<status status="PASS" start="2025-04-27T20:26:42.011756" elapsed="1.425255"/>
</kw>
<kw name="Log" owner="BuiltIn">
<msg time="2025-04-27T20:26:43.438538" level="INFO">{'msg': 'book is successfully deleted'}</msg>
<arg>${delete_response.json()}</arg>
<doc>Logs the given message with the given level.</doc>
<status status="PASS" start="2025-04-27T20:26:43.438033" elapsed="0.000583"/>
</kw>
<kw name="Should Be Equal As Strings" owner="BuiltIn">
<arg>book is successfully deleted</arg>
<arg>${delete_response.json()}[msg]</arg>
<doc>Fails if objects are unequal after converting them to strings.</doc>
<status status="PASS" start="2025-04-27T20:26:43.438828" elapsed="0.000391"/>
</kw>
<status status="PASS" start="2025-04-27T20:26:42.010550" elapsed="1.428843"/>
</test>
<doc>This robot file is to learn Dictionary in python</doc>
<status status="PASS" start="2025-04-27T20:26:41.060607" elapsed="2.379524"/>
</suite>
<statistics>
<total>
<stat pass="4" fail="0" skip="0">All Tests</stat>
</total>
<tag>
</tag>
<suite>
<stat name="testDemo7" id="s1" pass="4" fail="0" skip="0">testDemo7</stat>
</suite>
</statistics>
<errors>
</errors>
</robot>
