<?xml version="1.0" encoding="UTF-8"?>
<robot generator="Robot 7.2.2 (Python 3.13.1 on win32)" generated="2025-04-27T16:12:02.604473" rpa="false" schemaversion="5">
<suite id="s1" name="testDemo4" source="C:\Users\rajiv\PycharmProjects\RobotFramework\pythonProject\tests\testDemo4.robot">
<test id="s1-t1" name="Invalid Username" line="17">
<kw name="Open the browser with the Mortgage payment URL" owner="generic" type="SETUP">
<kw name="Create Webdriver" owner="SeleniumLibrary">
<msg time="2025-04-27T16:12:02.793998" level="INFO">Creating an instance of the Firefox WebDriver.</msg>
<arg>Firefox</arg>
<doc>Creates an instance of Selenium WebDriver.</doc>
<status status="PASS" start="2025-04-27T16:12:02.793804" elapsed="7.501950"/>
</kw>
<kw name="Go To" owner="SeleniumLibrary">
<msg time="2025-04-27T16:12:10.296396" level="INFO">Opening url 'https://rahulshettyacademy.com/loginpagePractise/'</msg>
<arg>${url}</arg>
<doc>Navigates the current browser window to the provided ``url``.</doc>
<status status="PASS" start="2025-04-27T16:12:10.296054" elapsed="0.481974"/>
</kw>
<kw name="Maximize Browser Window" owner="SeleniumLibrary">
<doc>Maximizes current browser window.</doc>
<status status="PASS" start="2025-04-27T16:12:10.778352" elapsed="0.335297"/>
</kw>
<status status="PASS" start="2025-04-27T16:12:02.793038" elapsed="8.320862"/>
</kw>
<kw name="Validate Unsuccessful login">
<kw name="Fill the login form">
<kw name="Input Text" owner="SeleniumLibrary">
<msg time="2025-04-27T16:12:11.116644" level="INFO">Typing text 'dsahed' into text field 'id:username'.</msg>
<arg>id:username</arg>
<arg>${username}</arg>
<doc>Types the given ``text`` into the text field identified by ``locator``.</doc>
<status status="PASS" start="2025-04-27T16:12:11.115563" elapsed="0.134171"/>
</kw>
<kw name="Input Password" owner="SeleniumLibrary">
<msg time="2025-04-27T16:12:11.250855" level="INFO">Typing password into text field 'id:password'.</msg>
<msg time="2025-04-27T16:12:11.259435" level="INFO">Temporally setting log level to: NONE</msg>
<arg>id:password</arg>
<arg>${password}</arg>
<doc>Types the given password into the text field identified by ``locator``.</doc>
<status status="PASS" start="2025-04-27T16:12:11.250151" elapsed="0.032913"/>
</kw>
<kw name="Click Button" owner="SeleniumLibrary">
<msg time="2025-04-27T16:12:11.283996" level="INFO">Clicking button 'id:signInBtn'.</msg>
<arg>id:signInBtn</arg>
<doc>Clicks the button identified by ``locator``.</doc>
<status status="PASS" start="2025-04-27T16:12:11.283519" elapsed="0.243439"/>
</kw>
<arg>${username}</arg>
<arg>${password}</arg>
<status status="PASS" start="2025-04-27T16:12:11.114871" elapsed="0.412350"/>
</kw>
<kw name="Wait until it checks and displays error message">
<kw name="Wait Until Element Is Visible" owner="SeleniumLibrary">
<arg>${loginErrorMsg}</arg>
<doc>Waits until the element ``locator`` is visible.</doc>
<status status="PASS" start="2025-04-27T16:12:11.528635" elapsed="1.818992"/>
</kw>
<status status="PASS" start="2025-04-27T16:12:11.527596" elapsed="1.820644"/>
</kw>
<kw name="Verify error message is correct">
<kw name="Get Text" owner="SeleniumLibrary">
<msg time="2025-04-27T16:12:13.381199" level="INFO">${result} = Incorrect username/password.</msg>
<var>${result}</var>
<arg>${loginErrorMsg}</arg>
<doc>Returns the text value of the element identified by ``locator``.</doc>
<status status="PASS" start="2025-04-27T16:12:13.350315" elapsed="0.031081"/>
</kw>
<kw name="Should Be Equal As Strings" owner="BuiltIn">
<arg>${result}</arg>
<arg>${expectedError}</arg>
<doc>Fails if objects are unequal after converting them to strings.</doc>
<status status="PASS" start="2025-04-27T16:12:13.382300" elapsed="0.001836"/>
</kw>
<status status="PASS" start="2025-04-27T16:12:13.348925" elapsed="0.035766"/>
</kw>
<arg>dsahed</arg>
<arg>learning</arg>
<status status="PASS" start="2025-04-27T16:12:11.114234" elapsed="2.270805"/>
</kw>
<kw name="Close the browser session" owner="generic" type="TEARDOWN">
<kw name="Close Browser" owner="SeleniumLibrary">
<doc>Closes the current browser.</doc>
<status status="PASS" start="2025-04-27T16:12:13.387641" elapsed="2.988424"/>
</kw>
<status status="PASS" start="2025-04-27T16:12:13.386264" elapsed="2.989916"/>
</kw>
<status status="PASS" start="2025-04-27T16:12:02.792315" elapsed="13.583911"/>
</test>
<doc>To validate the login form</doc>
<status status="PASS" start="2025-04-27T16:12:02.619801" elapsed="13.756893"/>
</suite>
<statistics>
<total>
<stat pass="1" fail="0" skip="0">All Tests</stat>
</total>
<tag>
</tag>
<suite>
<stat name="testDemo4" id="s1" pass="1" fail="0" skip="0">testDemo4</stat>
</suite>
</statistics>
<errors>
</errors>
</robot>
